<?xml version="1.0" encoding="UTF-8"?>
<!-- Generated by org.testng.reporters.JUnitReportReporter -->
<testsuite hostname="Sunil" name="com.ro.biometricdevicetestcase.MantraBiometricTest" tests="1" failures="0" timestamp="11 Mar 2019 05:39:50 GMT" time="8.481" errors="0">
  <testcase name="initializeMorpho" time="8.481" classname="com.ro.biometricdevicetestcase.MantraBiometricTest"/>
</testsuite> <!-- com.ro.biometricdevicetestcase.MantraBiometricTest -->
