<?xml version="1.0" encoding="UTF-8"?>
<!-- Generated by org.testng.reporters.JUnitReportReporter -->
<testsuite hostname="Sunil" failures="0" tests="3" name="com.ro.recharge.DTHRecharge" time="9.514" errors="0" timestamp="12 Dec 2018 10:38:14 GMT">
  <testcase classname="com.ro.recharge.DTHRecharge" name="dthRechargeTC2" time="3.241"/>
  <testcase classname="com.ro.recharge.DTHRecharge" name="dthRechargeTC1" time="3.290"/>
  <testcase classname="com.ro.recharge.DTHRecharge" name="verifyDTHOperator" time="2.983"/>
</testsuite> <!-- com.ro.recharge.DTHRecharge -->
