<?xml version="1.0" encoding="UTF-8"?>
<!-- Generated by org.testng.reporters.JUnitReportReporter -->
<testsuite hostname="Sunil" failures="0" tests="1" name="com.ro.rechargetestcases.DTHRechargeTest" time="4.747" errors="0" timestamp="6 Feb 2019 09:31:51 GMT">
  <testcase classname="com.ro.rechargetestcases.DTHRechargeTest" name="fillDTHRechargeTestDetails" time="4.747"/>
</testsuite> <!-- com.ro.rechargetestcases.DTHRechargeTest -->
