<?xml version="1.0" encoding="UTF-8"?>
<!-- Generated by org.testng.reporters.JUnitReportReporter -->
<testsuite hostname="Sunil" failures="0" tests="4" name="com.ro.card.CardReport" time="14.584" errors="0" timestamp="24 Dec 2018 05:00:16 GMT">
  <testcase classname="com.ro.card.CardReport" name="fillDetailsTC3" time="3.735"/>
  <testcase classname="com.ro.card.CardReport" name="fillDetailsTC1" time="3.268"/>
  <testcase classname="com.ro.card.CardReport" name="fillDetailsTC2" time="3.190"/>
  <testcase classname="com.ro.card.CardReport" name="fillDetailsTC4" time="4.391"/>
</testsuite> <!-- com.ro.card.CardReport -->
