<?xml version="1.0" encoding="UTF-8"?>
<!-- Generated by org.testng.reporters.JUnitReportReporter -->
<testsuite hostname="Sunil" failures="0" tests="1" name="com.ro.recharge.FileWrite" time="1.488" errors="0" timestamp="12 Nov 2018 04:30:17 GMT">
  <testcase classname="com.ro.recharge.FileWrite" name="printExcel" time="1.488"/>
</testsuite> <!-- com.ro.recharge.FileWrite -->
