<?xml version="1.0" encoding="UTF-8"?>
<!-- Generated by org.testng.reporters.JUnitReportReporter -->
<testsuite hostname="Sunil" failures="0" tests="3" name="com.ro.recharge.MobileRecharge" time="9.114" errors="0" timestamp="12 Dec 2018 10:04:01 GMT">
  <testcase classname="com.ro.recharge.MobileRecharge" name="verifyTextService" time="3.540"/>
  <testcase classname="com.ro.recharge.MobileRecharge" name="mobileRecharge" time="3.027"/>
  <testcase classname="com.ro.recharge.MobileRecharge" name="printPlaceholder" time="2.547"/>
</testsuite> <!-- com.ro.recharge.MobileRecharge -->
