<?xml version="1.0" encoding="UTF-8"?>
<!-- Generated by org.testng.reporters.JUnitReportReporter -->
<testsuite hostname="Sunil" failures="0" tests="1" name="com.ro.testcases.GetVirtualCardDetailsTest" time="6.933" errors="0" timestamp="20 Dec 2018 11:24:20 GMT">
  <testcase classname="com.ro.testcases.GetVirtualCardDetailsTest" name="enterDetails" time="6.933"/>
</testsuite> <!-- com.ro.testcases.GetVirtualCardDetailsTest -->
