<?xml version="1.0" encoding="UTF-8"?>
<!-- Generated by org.testng.reporters.JUnitReportReporter -->
<testsuite hostname="Sunil" failures="0" tests="1" name="com.ro.utilitytestcase.InsuranceTest" time="6.685" errors="0" timestamp="6 Feb 2019 12:11:24 GMT">
  <testcase classname="com.ro.utilitytestcase.InsuranceTest" name="fillInsuranceTestDetails" time="6.685"/>
</testsuite> <!-- com.ro.utilitytestcase.InsuranceTest -->
