<?xml version="1.0" encoding="UTF-8"?>
<!-- Generated by org.testng.reporters.JUnitReportReporter -->
<testsuite hostname="Sunil" failures="0" tests="1" name="com.ro.card.IssueNewVirtualCard" time="8.384" errors="0" timestamp="25 Oct 2018 12:21:28 GMT">
  <testcase classname="com.ro.card.IssueNewVirtualCard" name="issueNewVirtualCardBtn" time="8.384"/>
</testsuite> <!-- com.ro.card.IssueNewVirtualCard -->
