<?xml version="1.0" encoding="UTF-8"?>
<!-- Generated by org.testng.reporters.JUnitReportReporter -->
<testsuite hostname="Sunil" name="com.ro.myaccounttestcases.MyProfileTest" tests="1" failures="0" timestamp="8 Mar 2019 05:27:42 GMT" time="2.869" errors="0">
  <testcase name="initializeProcess" time="2.869" classname="com.ro.myaccounttestcases.MyProfileTest"/>
</testsuite> <!-- com.ro.myaccounttestcases.MyProfileTest -->
