<?xml version="1.0" encoding="UTF-8"?>
<!-- Generated by org.testng.reporters.JUnitReportReporter -->
<testsuite hostname="Sunil" name="com.ro.cardtestcase.IssueNewVirtualCardTest" tests="1" failures="0" timestamp="11 Mar 2019 09:26:56 GMT" time="8.245" errors="0">
  <testcase name="issueNewVirtualCrd" time="8.245" classname="com.ro.cardtestcase.IssueNewVirtualCardTest"/>
</testsuite> <!-- com.ro.cardtestcase.IssueNewVirtualCardTest -->
