<?xml version="1.0" encoding="UTF-8"?>
<!-- Generated by org.testng.reporters.JUnitReportReporter -->
<testsuite hostname="Sunil" name="com.ro.cardtestcase.GetCardDetailsTest" tests="1" failures="0" timestamp="11 Mar 2019 09:39:22 GMT" time="11.733" errors="0">
  <testcase name="enterDetail" time="11.733" classname="com.ro.cardtestcase.GetCardDetailsTest"/>
</testsuite> <!-- com.ro.cardtestcase.GetCardDetailsTest -->
