<?xml version="1.0" encoding="UTF-8"?>
<!-- Generated by org.testng.reporters.JUnitReportReporter -->
<testsuite hostname="Sunil" failures="0" tests="1" name="com.ro.myaccounttestcases.DownloadTest" time="0.634" errors="0" timestamp="24 Jan 2019 05:07:50 GMT">
  <testcase classname="com.ro.myaccounttestcases.DownloadTest" name="startProcess" time="0.634"/>
</testsuite> <!-- com.ro.myaccounttestcases.DownloadTest -->
