<?xml version="1.0" encoding="UTF-8"?>
<!-- Generated by org.testng.reporters.JUnitReportReporter -->
<testsuite hostname="Sunil" failures="0" tests="1" name="com.ro.utilitytestcase.ElectricityTest" time="8.371" errors="0" timestamp="6 Feb 2019 12:23:07 GMT">
  <testcase classname="com.ro.utilitytestcase.ElectricityTest" name="fillElectricityTestDetails" time="8.371"/>
</testsuite> <!-- com.ro.utilitytestcase.ElectricityTest -->
