<?xml version="1.0" encoding="UTF-8"?>
<!-- Generated by org.testng.reporters.JUnitReportReporter -->
<testsuite hostname="Sunil" failures="0" tests="1" name="com.ro.card.GetVirtualCardCVV" time="16.621" errors="0" timestamp="26 Oct 2018 09:14:33 GMT">
  <testcase classname="com.ro.card.GetVirtualCardCVV" name="enterDetails" time="16.621"/>
</testsuite> <!-- com.ro.card.GetVirtualCardCVV -->
