<?xml version="1.0" encoding="UTF-8"?>
<!-- Generated by org.testng.reporters.JUnitReportReporter -->
<testsuite hostname="Sunil" failures="0" tests="1" name="com.ro.utilitytestcase.GasTest" time="11.729" errors="0" timestamp="6 Feb 2019 12:42:13 GMT">
  <testcase classname="com.ro.utilitytestcase.GasTest" name="fillGasTestDetails" time="11.729"/>
</testsuite> <!-- com.ro.utilitytestcase.GasTest -->
