<?xml version="1.0" encoding="UTF-8"?>
<!-- Generated by org.testng.reporters.JUnitReportReporter -->
<testsuite hostname="Sunil" failures="0" tests="1" name="com.ro.safegold.ExistingUserRegisteredPage" time="2.771" errors="0" timestamp="29 Nov 2018 07:31:18 GMT">
  <testcase classname="com.ro.safegold.ExistingUserRegisteredPage" name="setData" time="2.771"/>
</testsuite> <!-- com.ro.safegold.ExistingUserRegisteredPage -->
