<?xml version="1.0" encoding="UTF-8"?>
<!-- Generated by org.testng.reporters.JUnitReportReporter -->
<testsuite hostname="Sunil" name="com.ro.cardtestcase.CardReportTest" tests="1" failures="0" timestamp="12 Mar 2019 06:00:22 GMT" time="5.095" errors="0">
  <testcase name="initalizeMethods" time="5.095" classname="com.ro.cardtestcase.CardReportTest"/>
</testsuite> <!-- com.ro.cardtestcase.CardReportTest -->
