<?xml version="1.0" encoding="UTF-8"?>
<!-- Generated by org.testng.reporters.JUnitReportReporter -->
<testsuite hostname="Sunil" name="com.ro.rechargetestcases.MobileRechargeTest" tests="1" failures="0" timestamp="13 Mar 2019 11:46:27 GMT" time="4.845" errors="0">
  <testcase name="fillMobileRechargeTestDetails" time="4.845" classname="com.ro.rechargetestcases.MobileRechargeTest"/>
</testsuite> <!-- com.ro.rechargetestcases.MobileRechargeTest -->
