<?xml version="1.0" encoding="UTF-8"?>
<!-- Generated by org.testng.reporters.JUnitReportReporter -->
<testsuite hostname="Sunil" failures="0" tests="1" name="com.ro.card.GetCardDetailsLocal" time="14.423" errors="0" timestamp="23 Oct 2018 12:14:44 GMT">
  <testcase classname="com.ro.card.GetCardDetailsLocal" name="checkingValidation" time="14.423"/>
</testsuite> <!-- com.ro.card.GetCardDetailsLocal -->
