<?xml version="1.0" encoding="UTF-8"?>
<!-- Generated by org.testng.reporters.JUnitReportReporter -->
<testsuite hostname="Sunil" failures="0" tests="1" name="com.ro.card.GetVirtualCardDetails" time="22.526" errors="0" timestamp="26 Oct 2018 06:27:54 GMT">
  <testcase classname="com.ro.card.GetVirtualCardDetails" name="enterDetails" time="22.526"/>
</testsuite> <!-- com.ro.card.GetVirtualCardDetails -->
