<?xml version="1.0" encoding="UTF-8"?>
<!-- Generated by org.testng.reporters.JUnitReportReporter -->
<testsuite hostname="Sunil" failures="0" tests="1" name="com.ro.myaccounttestcases.WalletUploadRechargeTest" time="25.864" errors="0" timestamp="12 Feb 2019 10:43:33 GMT">
  <testcase classname="com.ro.myaccounttestcases.WalletUploadRechargeTest" name="startProcess" time="25.864"/>
</testsuite> <!-- com.ro.myaccounttestcases.WalletUploadRechargeTest -->
