<?xml version="1.0" encoding="UTF-8"?>
<!-- Generated by org.testng.reporters.JUnitReportReporter -->
<testsuite hostname="Sunil" name="com.ro.myaccounttestcases.IssuesCardTest" tests="1" failures="0" timestamp="8 Mar 2019 11:27:03 GMT" time="4.852" errors="0">
  <testcase name="initializeProcess" time="4.852" classname="com.ro.myaccounttestcases.IssuesCardTest"/>
</testsuite> <!-- com.ro.myaccounttestcases.IssuesCardTest -->
