<?xml version="1.0" encoding="UTF-8"?>
<!-- Generated by org.testng.reporters.JUnitReportReporter -->
<testsuite hostname="Sunil" failures="0" tests="1" name="com.ro.utility.Insurance" time="64.306" errors="0" timestamp="11 Dec 2018 06:35:45 GMT">
  <testcase classname="com.ro.utility.Insurance" name="enterDate" time="64.306"/>
</testsuite> <!-- com.ro.utility.Insurance -->
