<?xml version="1.0" encoding="UTF-8"?>
<!-- Generated by org.testng.reporters.JUnitReportReporter -->
<testsuite hostname="Sunil" failures="0" tests="1" name="com.ro.testcases.IssueNewVirtualCardTest" time="10.258" errors="0" timestamp="20 Dec 2018 08:48:00 GMT">
  <testcase classname="com.ro.testcases.IssueNewVirtualCardTest" name="issueNewVirtualCrd" time="10.258"/>
</testsuite> <!-- com.ro.testcases.IssueNewVirtualCardTest -->
