<?xml version="1.0" encoding="UTF-8"?>
<!-- Generated by org.testng.reporters.JUnitReportReporter -->
<testsuite hostname="Sunil" name="com.ro.aremittestcase.AremitTest" tests="1" failures="0" timestamp="21 Jun 2019 10:54:00 GMT" time="34.467" errors="0">
  <testcase name="initializeAremit" time="34.467" classname="com.ro.aremittestcase.AremitTest"/>
</testsuite> <!-- com.ro.aremittestcase.AremitTest -->
