<?xml version="1.0" encoding="UTF-8"?>
<!-- Generated by org.testng.reporters.JUnitReportReporter -->
<testsuite hostname="Sunil" failures="0" tests="1" name="com.ro.utility.GenerateReport" time="3.512" errors="0" timestamp="3 Dec 2018 12:06:24 GMT">
  <testcase classname="com.ro.utility.GenerateReport" name="generateExcelReport" time="3.512"/>
</testsuite> <!-- com.ro.utility.GenerateReport -->
