<?xml version="1.0" encoding="UTF-8"?>
<!-- Generated by org.testng.reporters.JUnitReportReporter -->
<testsuite hostname="Sunil" failures="0" tests="3" name="test.SoftAssertionTest" time="0.031" errors="0" timestamp="20 Feb 2019 05:44:20 GMT">
  <testcase classname="test.SoftAssertionTest" name="softAssert" time="0.031"/>
  <testcase classname="test.SoftAssertionTest" name="softAssert1" time="0.000"/>
  <testcase classname="test.SoftAssertionTest" name="softAssert2" time="0.000"/>
</testsuite> <!-- test.SoftAssertionTest -->
