<?xml version="1.0" encoding="UTF-8"?>
<!-- Generated by org.testng.reporters.JUnitReportReporter -->
<testsuite hostname="Sunil" name="com.ro.cardtestcase.GetVirtualCardDetailsTest" tests="1" failures="0" timestamp="11 Mar 2019 09:34:25 GMT" time="9.798" errors="0">
  <testcase name="enterDetails" time="9.798" classname="com.ro.cardtestcase.GetVirtualCardDetailsTest"/>
</testsuite> <!-- com.ro.cardtestcase.GetVirtualCardDetailsTest -->
