<?xml version="1.0" encoding="UTF-8"?>
<!-- Generated by org.testng.reporters.JUnitReportReporter -->
<testsuite hostname="Sunil" name="com.ro.irctctest.IrctcDongleTest" tests="1" failures="0" timestamp="8 Mar 2019 06:48:09 GMT" time="8.420" errors="0">
  <testcase name="initialize" time="8.420" classname="com.ro.irctctest.IrctcDongleTest"/>
</testsuite> <!-- com.ro.irctctest.IrctcDongleTest -->
