<?xml version="1.0" encoding="UTF-8"?>
<!-- Generated by org.testng.reporters.JUnitReportReporter -->
<testsuite hostname="Sunil" name="com.ro.myaccounttestcases.AEPSTransactionStatementTest" tests="1" failures="0" timestamp="8 Mar 2019 10:32:06 GMT" time="4.596" errors="0">
  <testcase name="initializeProcess" time="4.596" classname="com.ro.myaccounttestcases.AEPSTransactionStatementTest"/>
</testsuite> <!-- com.ro.myaccounttestcases.AEPSTransactionStatementTest -->
