<?xml version="1.0" encoding="UTF-8"?>
<!-- Generated by org.testng.reporters.JUnitReportReporter -->
<testsuite hostname="Sunil" failures="0" tests="2" name="com.ro.pages.Balance_Status" time="0.029" errors="0" timestamp="14 Sep 2018 05:41:48 GMT">
  <testcase classname="com.ro.pages.Balance_Status" name="add" time="0.028"/>
  <testcase classname="com.ro.pages.Balance_Status" name="sub" time="0.001"/>
</testsuite> <!-- com.ro.pages.Balance_Status -->
