<?xml version="1.0" encoding="UTF-8"?>
<!-- Generated by org.testng.reporters.JUnitReportReporter -->
<testsuite hostname="Sunil" failures="0" tests="1" name="com.ro.card.Card" time="3.967" errors="0" timestamp="11 Oct 2018 10:30:56 GMT">
  <testcase classname="com.ro.card.Card" name="card" time="3.967"/>
</testsuite> <!-- com.ro.card.Card -->
