<?xml version="1.0" encoding="UTF-8"?>
<!-- Generated by org.testng.reporters.JUnitReportReporter -->
<testsuite hostname="Sunil" failures="0" tests="1" name="com.ro.myaccounttestcases.WalletToWalletTopupTest" time="4.613" errors="0" timestamp="12 Feb 2019 06:09:48 GMT">
  <testcase classname="com.ro.myaccounttestcases.WalletToWalletTopupTest" name="startProcess" time="4.613"/>
</testsuite> <!-- com.ro.myaccounttestcases.WalletToWalletTopupTest -->
