<?xml version="1.0" encoding="UTF-8"?>
<!-- Generated by org.testng.reporters.JUnitReportReporter -->
<testsuite hostname="Sunil" failures="0" tests="1" name="com.ro.card.GetCardBalance" time="4.575" errors="0" timestamp="24 Dec 2018 05:54:57 GMT">
  <testcase classname="com.ro.card.GetCardBalance" name="fillDetails" time="4.575"/>
</testsuite> <!-- com.ro.card.GetCardBalance -->
