<?xml version="1.0" encoding="UTF-8"?>
<!-- Generated by org.testng.reporters.JUnitReportReporter -->
<testsuite hostname="Sunil" failures="0" tests="1" name="com.ro.safegold.NewUserRegistrationPage" time="4.904" errors="0" timestamp="30 Nov 2018 09:23:45 GMT">
  <testcase classname="com.ro.safegold.NewUserRegistrationPage" name="fillDetails" time="4.904"/>
</testsuite> <!-- com.ro.safegold.NewUserRegistrationPage -->
