<?xml version="1.0" encoding="UTF-8"?>
<!-- Generated by org.testng.reporters.JUnitReportReporter -->
<testsuite hostname="Sunil" name="com.ro.biometricdevicetestcase.MorphoBiometricTest" tests="1" failures="0" timestamp="11 Mar 2019 05:40:46 GMT" time="7.895" errors="0">
  <testcase name="initializeMorpho" time="7.895" classname="com.ro.biometricdevicetestcase.MorphoBiometricTest"/>
</testsuite> <!-- com.ro.biometricdevicetestcase.MorphoBiometricTest -->
