<?xml version="1.0" encoding="UTF-8"?>
<!-- Generated by org.testng.reporters.JUnitReportReporter -->
<testsuite hostname="Sunil" name="com.ro.cardtestcase.GetVirtualCardCVVTest" tests="1" failures="0" timestamp="11 Mar 2019 09:36:01 GMT" time="8.394" errors="0">
  <testcase name="EnterDetails" time="8.394" classname="com.ro.cardtestcase.GetVirtualCardCVVTest"/>
</testsuite> <!-- com.ro.cardtestcase.GetVirtualCardCVVTest -->
