<?xml version="1.0" encoding="UTF-8"?>
<!-- Generated by org.testng.reporters.JUnitReportReporter -->
<testsuite hostname="Sunil" name="com.ro.myaccounttestcases.SenderRecipientReportsTest" tests="1" failures="0" timestamp="8 Mar 2019 12:23:13 GMT" time="16.460" errors="0">
  <testcase name="initializeProcess" time="16.460" classname="com.ro.myaccounttestcases.SenderRecipientReportsTest"/>
</testsuite> <!-- com.ro.myaccounttestcases.SenderRecipientReportsTest -->
