<?xml version="1.0" encoding="UTF-8"?>
<!-- Generated by org.testng.reporters.JUnitReportReporter -->
<testsuite hostname="Sunil" name="com.ro.myaccounttestcases.HelpCenterTest" tests="1" failures="0" timestamp="5 Mar 2019 06:09:22 GMT" time="11.629" errors="0">
  <testcase name="enterTransDetails" time="11.629" classname="com.ro.myaccounttestcases.HelpCenterTest"/>
</testsuite> <!-- com.ro.myaccounttestcases.HelpCenterTest -->
