<?xml version="1.0" encoding="UTF-8"?>
<!-- Generated by org.testng.reporters.JUnitReportReporter -->
<testsuite hostname="Sunil" failures="0" tests="1" name="test.LoginText" time="34.798" errors="0" timestamp="11 Dec 2018 05:27:40 GMT">
  <testcase classname="test.LoginText" name="setMethod" time="34.798"/>
</testsuite> <!-- test.LoginText -->
