<?xml version="1.0" encoding="UTF-8"?>
<!-- Generated by org.testng.reporters.JUnitReportReporter -->
<testsuite hostname="Sunil" name="com.ro.basetestcase.FooterTest" tests="1" failures="0" timestamp="4 Apr 2019 05:52:11 GMT" time="2.992" errors="0">
  <testcase name="startProcess" time="2.992" classname="com.ro.basetestcase.FooterTest"/>
</testsuite> <!-- com.ro.basetestcase.FooterTest -->
