<?xml version="1.0" encoding="UTF-8"?>
<!-- Generated by org.testng.reporters.JUnitReportReporter -->
<testsuite hostname="Sunil" failures="0" tests="1" name="com.ro.recharge.GenerateReport" time="5.406" errors="0" timestamp="12 Nov 2018 09:46:24 GMT">
  <testcase classname="com.ro.recharge.GenerateReport" name="generateExcelReport" time="5.406"/>
</testsuite> <!-- com.ro.recharge.GenerateReport -->
