<?xml version="1.0" encoding="UTF-8"?>
<!-- Generated by org.testng.reporters.JUnitReportReporter -->
<testsuite hostname="Sunil" failures="0" tests="1" name="com.ro.utilitytestcase.WaterTest" time="9.266" errors="0" timestamp="7 Feb 2019 05:38:33 GMT">
  <testcase classname="com.ro.utilitytestcase.WaterTest" name="fillWaterTestDetails" time="9.266"/>
</testsuite> <!-- com.ro.utilitytestcase.WaterTest -->
