<?xml version="1.0" encoding="UTF-8"?>
<!-- Generated by org.testng.reporters.JUnitReportReporter -->
<testsuite hostname="Sunil" name="com.ro.myaccounttestcases.MyAccountStatementTest" tests="1" failures="0" timestamp="6 Mar 2019 12:15:04 GMT" time="4.809" errors="0">
  <testcase name="startProcess" time="4.809" classname="com.ro.myaccounttestcases.MyAccountStatementTest"/>
</testsuite> <!-- com.ro.myaccounttestcases.MyAccountStatementTest -->
