<?xml version="1.0" encoding="UTF-8"?>
<!-- Generated by org.testng.reporters.JUnitReportReporter -->
<testsuite hostname="Sunil" failures="0" tests="1" name="com.ro.utilitytestcase.PayBillsTest" time="7.173" errors="0" timestamp="6 Feb 2019 11:30:56 GMT">
  <testcase classname="com.ro.utilitytestcase.PayBillsTest" name="fillPayBillsTestDetails" time="7.173"/>
</testsuite> <!-- com.ro.utilitytestcase.PayBillsTest -->
