<?xml version="1.0" encoding="UTF-8"?>
<!-- Generated by org.testng.reporters.JUnitReportReporter -->
<testsuite hostname="Sunil" name="com.ro.cardtestcase.GetCardBalanceTest" tests="1" failures="0" timestamp="11 Mar 2019 09:44:44 GMT" time="6.485" errors="0">
  <testcase name="initiliazeMethod" time="6.485" classname="com.ro.cardtestcase.GetCardBalanceTest"/>
</testsuite> <!-- com.ro.cardtestcase.GetCardBalanceTest -->
