<?xml version="1.0" encoding="UTF-8"?>
<!-- Generated by org.testng.reporters.JUnitReportReporter -->
<testsuite hostname="Sunil" failures="0" tests="1" name="com.ro.myaccounttestcases.DownloadReportsTest" time="5.620" errors="0" timestamp="12 Feb 2019 06:44:43 GMT">
  <testcase classname="com.ro.myaccounttestcases.DownloadReportsTest" name="setUpProcess" time="5.620"/>
</testsuite> <!-- com.ro.myaccounttestcases.DownloadReportsTest -->
